[2019-07-08 14:23:31] lunium-framework.ALERT: Error connection: PDOexception [] []
[2019-07-08 14:27:35] lunium-framework.ALERT: Error connection: PDOexception [] []
[2019-07-08 14:29:48] lunium-framework.ALERT: SQLSTATE[HY000] [1044] Access denied for user 'codelunium'@'%' to database 'reservationsd' [] []
[2019-07-08 14:30:36] lunium-framework.ALERT: SQLSTATE[HY000] [2002] php_network_getaddresses: getaddrinfo failed: Temporary failure in name resolution [] []
[2019-07-08 14:31:37] lunium-framework.ALERT: SQLSTATE[HY000] [1045] Access denied for user 'codelunium'@'localhost' (using password: YES) [] []
[2019-07-08 14:56:47] lunium-framework.ERROR: Module 'demo': <span style='color:red'>Configuration file  not found!!!</span> [] []
[2019-07-08 14:58:15] lunium-framework.ERROR: Module 'demo': Configuration file  not found!!! [] []
[2019-07-08 14:58:27] lunium-framework.ERROR: Module 'demo': Configuration file  not found!!! [] []
[2019-07-08 14:59:42] lunium-framework.ERROR: Module 'demo': Configuration file 'config.php' not found!!! [] []
[2019-07-08 16:47:54] lunium-framework.NOTICE: Sesión denegada {"email":"The value cannot be empty"} {"email":null}
[2019-07-08 16:49:13] lunium-framework.NOTICE: Sesión denegada {"email":"The value cannot be empty"} {"email":""}
[2019-07-08 16:51:55] lunium-framework.NOTICE: Sesión denegada {"email":"The value cannot be empty"} {"email":null}
[2019-07-08 17:04:45] lunium-framework.NOTICE: Page not found: /lunium-framework/public/main/dd/ [] []
[2019-07-08 17:05:52] lunium-framework.NOTICE: Page not found: /lunium-framework/public/madin/dd/ [] []
[2019-07-08 17:06:26] lunium-framework.NOTICE: Page not found: /lunium-framework/public/madin/ [] []
[2019-07-08 17:08:30] lunium-framework.NOTICE: Page not found: /lunium-framework/public/logfwein/ [] []
[2019-07-08 17:11:58] lunium-framework.NOTICE: Page not found: /lunium-framework/public/logfwein/ [] []
[2019-07-08 17:12:06] lunium-framework.NOTICE: Page not found: /lunium-framework/public/logfwein/ [] []
[2019-07-08 17:12:22] lunium-framework.NOTICE: Page not found: /lunium-framework/public/logfwein/ [] []
[2019-07-08 17:36:23] lunium-framework.NOTICE: Page not found: /lunium-framework/public/demso/ [] []
[2019-07-08 17:38:25] lunium-framework.NOTICE: Page not found: /lunium-framework/public/demso/ [] []
[2019-07-08 17:38:30] lunium-framework.NOTICE: Page not found: /lunium-framework/public/dem/ [] []
[2019-07-08 17:42:27] lunium-framework.NOTICE: Page not found: /lunium-framework/public/mai/ [] []
[2019-07-08 17:48:08] lunium-framework.INFO: Session is started {"email":"demo@lunium.com"} []
[2019-07-08 17:55:07] lunium-framework.NOTICE: Not authorized to access this page: main [] []
[2019-07-08 17:55:07] lunium-framework.NOTICE: Not authorized to access this page: login [] []
[2019-07-08 17:55:21] lunium-framework.NOTICE: Not authorized to access this page: login [] []
[2019-07-08 17:55:21] lunium-framework.NOTICE: The requested session access is denied {"email":"Is not a valid email address"} {"email":"demo@f"}
[2019-07-08 17:55:36] lunium-framework.NOTICE: Not authorized to access this page: login [] []
[2019-07-08 17:55:37] lunium-framework.NOTICE: The requested session access is denied {"password":"Invalid password!."} {"email":"demo@lunium.com"}
[2019-07-08 17:55:43] lunium-framework.NOTICE: Not authorized to access this page: login [] []
[2019-07-08 17:55:44] lunium-framework.INFO: Session is started {"email":"demo@lunium.com"} []
[2019-07-08 22:38:57] lunium-framework.NOTICE: Not authorized to access this page: login [] []
[2019-07-08 23:17:49] lunium-framework.NOTICE: Not authorized to access this page: login [] []
[2019-07-09 00:02:17] lunium-framework.NOTICE: Not authorized to access this page: login [] []
[2019-07-09 00:09:27] lunium-framework.NOTICE: Not authorized to access this page: login [] []
[2019-07-09 00:34:22] lunium-framework.NOTICE: Not authorized to access this page: login [] []
[2019-07-09 00:34:49] lunium-framework.NOTICE: Not authorized to access this page: login [] []
[2019-07-09 00:36:33] lunium-framework.NOTICE: Not authorized to access this page: main [] []
[2019-07-09 00:36:33] lunium-framework.NOTICE: Not authorized to access this page: login [] []
[2019-07-09 00:36:40] lunium-framework.NOTICE: Not authorized to access this page: main [] []
[2019-07-09 00:36:40] lunium-framework.NOTICE: Not authorized to access this page: login [] []
[2019-07-09 00:37:01] lunium-framework.NOTICE: Not authorized to access this page: login [] []
[2019-07-09 00:37:01] lunium-framework.INFO: Session is started {"email":"demo@lunium.com"} []
[2019-07-09 00:42:29] lunium-framework.NOTICE: Not authorized to access this page: login [] []
[2019-07-09 00:42:29] lunium-framework.NOTICE: The requested session access is denied {"email":"Is not a valid email address"} {"email":"f"}
[2019-07-09 00:42:40] lunium-framework.NOTICE: Not authorized to access this page: login [] []
[2019-07-09 00:42:40] lunium-framework.NOTICE: The requested session access is denied {"email":"Is not a valid email address"} {"email":"f"}
[2019-07-09 01:16:50] lunium-framework.NOTICE: Not authorized to access this page: login [] []
[2019-07-09 01:16:50] lunium-framework.NOTICE: The requested session access is denied {"email":"Is not a valid email address"} {"email":"f"}
[2019-07-09 01:16:55] lunium-framework.NOTICE: Not authorized to access this page: empty [] []
[2019-07-09 01:16:55] lunium-framework.NOTICE: Not authorized to access this page: login [] []
[2019-07-09 01:17:15] lunium-framework.NOTICE: Not authorized to access this page: login [] []
[2019-07-09 01:17:15] lunium-framework.INFO: Session is started {"email":"demo@lunium.com"} []
[2019-07-14 16:09:17] lunium-framework.NOTICE: Not authorized to access this page:  [] []
[2019-07-14 16:09:17] lunium-framework.NOTICE: Not authorized to access this page: login [] []
